Active Internet connections (servers and established)
Aroto Recv-Q Send-Q Local Address           Foreign Address         State       Timer
tcp        0      0 192.168.122.2:53        0.0.0.0:*               LISTEN      off (0.00/0/0)
tcp        0      0 0.0.0.0:445             0.0.0.0:*               LISTEN      off (0.00/0/0)
tcp        0      0 0.0.0.0:139             0.0.0.0:*               LISTEN      off (0.00/0/0)
tcp6       0      0 :::445                  :::*                    LISTEN      off (0.00/0/0)
tcp6       0      0 :::139                  :::*                    LISTEN      off (0.00/0/0)
udp        0      0 192.168.122.2:53        0.0.0.0:*                           off (0.00/0/0)
udp        0      0 0.0.0.0:67              0.0.0.0:*                           off (0.00/0/0)
udp        0      0 0.0.0.0:68              0.0.0.0:*                           off (0.00/0/0)
udp        0      0 192.168.1.255:137       0.0.0.0:*                           off (0.00/0/0)
udp        0      0 192.168.1.85:137        0.0.0.0:*                           off (0.00/0/0)
udp        0      0 192.168.122.255:137     0.0.0.0:*                           off (0.00/0/0)
udp        0      0 192.168.122.2:137       0.0.0.0:*                           off (0.00/0/0)
udp        0      0 0.0.0.0:137             0.0.0.0:*                           off (0.00/0/0)
udp        0      0 192.168.1.255:138       0.0.0.0:*                           off (0.00/0/0)
udp        0      0 192.168.1.85:138        0.0.0.0:*                           off (0.00/0/0)
udp        0      0 192.168.122.255:138     0.0.0.0:*                           off (0.00/0/0)
udp        0      0 192.168.122.2:138       0.0.0.0:*                           off (0.00/0/0)
udp        0      0 0.0.0.0:138             0.0.0.0:*                           off (0.00/0/0)
udp        0      0 0.0.0.0:57667           0.0.0.0:*                           off (0.00/0/0)
udp        0      0 0.0.0.0:5353            0.0.0.0:*                           off (0.00/0/0)
udp6       0      0 :::5353                 :::*                                off (0.00/0/0)
Active UNIX domain sockets (servers and established)
Proto RefCnt Flags       Type       State         I-Node   Path
unix  2      [ ]         DGRAM                    15883    /run/user/1000/systemd/notify
unix  2      [ ACC ]     STREAM     LISTENING     17677    /run/user/1000/menu-cached-:0
unix  2      [ ACC ]     STREAM     LISTENING     16398    /var/run/libvirt/libvirt-sock
unix  2      [ ACC ]     STREAM     LISTENING     15887    /run/user/1000/systemd/private
unix  2      [ ]         DGRAM                    14837    /var/lib/samba/private/msg.sock/339
unix  2      [ ACC ]     STREAM     LISTENING     15892    /run/user/1000/bus
unix  2      [ ACC ]     STREAM     LISTENING     15894    /run/user/1000/gnupg/S.dirmngr
unix  2      [ ACC ]     STREAM     LISTENING     15897    /run/user/1000/gnupg/S.gpg-agent.extra
unix  2      [ ]         DGRAM                    15408    /var/lib/samba/private/msg.sock/309
unix  2      [ ACC ]     STREAM     LISTENING     15899    /run/user/1000/pulse/native
unix  2      [ ACC ]     STREAM     LISTENING     15902    /run/user/1000/gnupg/S.gpg-agent.browser
unix  2      [ ]         DGRAM                    15436    /var/lib/samba/private/msg.sock/316
unix  2      [ ACC ]     STREAM     LISTENING     16927    /tmp/.esd-1000/socket
unix  2      [ ACC ]     STREAM     LISTENING     15904    /run/user/1000/gnupg/S.gpg-agent
unix  2      [ ACC ]     STREAM     LISTENING     15906    /run/user/1000/gnupg/S.gpg-agent.ssh
unix  2      [ ACC ]     STREAM     LISTENING     14818    @/tmp/.X11-unix/X0
unix  2      [ ]         DGRAM                    16406    /var/lib/samba/private/msg.sock/319
unix  2      [ ]         DGRAM                    14826    /var/lib/samba/private/msg.sock/320
unix  2      [ ACC ]     STREAM     LISTENING     14896    /tmp/FrZQRg/s
unix  2      [ ACC ]     SEQPACKET  LISTENING     1363     /run/systemd/coredump
unix  2      [ ACC ]     STREAM     LISTENING     1365     /run/systemd/journal/stdout
unix  7      [ ]         DGRAM                    1368     /run/systemd/journal/socket
unix  15     [ ]         DGRAM                    1375     /run/systemd/journal/dev-log
unix  2      [ ACC ]     STREAM     LISTENING     1378     /run/lvm/lvmetad.socket
unix  2      [ ACC ]     STREAM     LISTENING     13168    /var/run/libvirt/libvirt-sock-ro
unix  2      [ ACC ]     STREAM     LISTENING     13170    /var/run/libvirt/libvirt-admin-sock
unix  2      [ ACC ]     STREAM     LISTENING     21882    /tmp/.org.chromium.Chromium.xM0EO8/SingletonSocket
unix  2      [ ACC ]     STREAM     LISTENING     14726    /var/run/libvirt/virtlockd-sock
unix  2      [ ]         DGRAM                    629650   /run/wpa_supplicant/wlp3s0
unix  2      [ ACC ]     STREAM     LISTENING     15790    /var/run/samba/nmbd/unexpected
unix  2      [ ACC ]     STREAM     LISTENING     17584    /tmp/fcitx-socket-:0
unix  2      [ ACC ]     STREAM     LISTENING     3002     /var/run/libvirt/virtlogd-sock
unix  2      [ ACC ]     STREAM     LISTENING     3004     /run/dbus/system_bus_socket
unix  2      [ ACC ]     STREAM     LISTENING     21090    @/tmp/dbus-MBRYKfpHxy
unix  2      [ ACC ]     STREAM     LISTENING     14281    /tmp/sddm-authddb869fa-fc20-4739-a4c2-11b4d13ed769
unix  3      [ ]         DGRAM                    2266     /run/systemd/notify
unix  2      [ ACC ]     STREAM     LISTENING     2270     /run/systemd/private
unix  2      [ ACC ]     STREAM     LISTENING     14819    /tmp/.X11-unix/X0
unix  2      [ ACC ]     STREAM     LISTENING     17572    @/tmp/dbus-8ULHpEwdt9
unix  2      [ ACC ]     SEQPACKET  LISTENING     4083     /run/udev/control
unix  3      [ ]         SEQPACKET  CONNECTED     19309    @00003
unix  3      [ ]         STREAM     CONNECTED     20306    
unix  3      [ ]         STREAM     CONNECTED     15438    /run/dbus/system_bus_socket
unix  3      [ ]         STREAM     CONNECTED     24279    
unix  3      [ ]         STREAM     CONNECTED     19321    
unix  3      [ ]         STREAM     CONNECTED     15986    /run/dbus/system_bus_socket
unix  3      [ ]         STREAM     CONNECTED     15374    
unix  3      [ ]         STREAM     CONNECTED     17111    /run/systemd/journal/stdout
unix  3      [ ]         STREAM     CONNECTED     13123    
unix  3      [ ]         STREAM     CONNECTED     13067    /run/dbus/system_bus_socket
unix  3      [ ]         STREAM     CONNECTED     16805    
unix  3      [ ]         STREAM     CONNECTED     14268    /run/systemd/journal/stdout
unix  3      [ ]         STREAM     CONNECTED     15239    /run/user/1000/bus
unix  3      [ ]         STREAM     CONNECTED     28725    
unix  3      [ ]         STREAM     CONNECTED     18613    
unix  3      [ ]         STREAM     CONNECTED     16864    
unix  3      [ ]         STREAM     CONNECTED     20103    
unix  3      [ ]         STREAM     CONNECTED     236016   
unix  3      [ ]         DGRAM                    12990    
unix  3      [ ]         STREAM     CONNECTED     235085   
unix  3      [ ]         STREAM     CONNECTED     17327    @/dbus-vfs-daemon/socket-evK5amk6
unix  3      [ ]         STREAM     CONNECTED     17649    @/tmp/dbus-8ULHpEwdt9
unix  3      [ ]         STREAM     CONNECTED     192846   @/tmp/.X11-unix/X0
unix  3      [ ]         STREAM     CONNECTED     19327    @/tmp/dbus-MBRYKfpHxy
unix  3      [ ]         STREAM     CONNECTED     25588    
unix  3      [ ]         STREAM     CONNECTED     21828    /run/user/1000/bus
unix  3      [ ]         STREAM     CONNECTED     15419    /run/dbus/system_bus_socket
unix  3      [ ]         STREAM     CONNECTED     16906    
unix  3      [ ]         STREAM     CONNECTED     13053    
unix  3      [ ]         STREAM     CONNECTED     16797    @/tmp/.X11-unix/X0
unix  3      [ ]         STREAM     CONNECTED     20085    
unix  3      [ ]         STREAM     CONNECTED     13059    
unix  3      [ ]         STREAM     CONNECTED     15970    @/tmp/.X11-unix/X0
unix  2      [ ]         DGRAM                    16619    
unix  2      [ ]         DGRAM                    13682    
unix  3      [ ]         STREAM     CONNECTED     20313    
unix  3      [ ]         STREAM     CONNECTED     15971    /run/user/1000/bus
unix  3      [ ]         STREAM     CONNECTED     15245    /run/user/1000/bus
unix  2      [ ]         DGRAM                    12983    
unix  3      [ ]         STREAM     CONNECTED     16707    
unix  3      [ ]         STREAM     CONNECTED     16917    /run/systemd/journal/stdout
unix  3      [ ]         STREAM     CONNECTED     16137    
unix  3      [ ]         STREAM     CONNECTED     26488    
unix  3      [ ]         STREAM     CONNECTED     16614    
unix  3      [ ]         STREAM     CONNECTED     25587    
unix  3      [ ]         STREAM     CONNECTED     15252    /run/dbus/system_bus_socket
unix  3      [ ]         STREAM     CONNECTED     21605    /run/systemd/journal/stdout
unix  2      [ ]         DGRAM                    15596    
unix  3      [ ]         STREAM     CONNECTED     21338    @/tmp/.X11-unix/X0
unix  3      [ ]         STREAM     CONNECTED     14267    /run/systemd/journal/stdout
unix  3      [ ]         STREAM     CONNECTED     16716    
unix  2      [ ]         DGRAM                    628611   
unix  3      [ ]         STREAM     CONNECTED     15137    /run/dbus/system_bus_socket
unix  3      [ ]         STREAM     CONNECTED     20308    
unix  3      [ ]         DGRAM                    16031    
unix  3      [ ]         STREAM     CONNECTED     16415    /run/dbus/system_bus_socket
unix  3      [ ]         STREAM     CONNECTED     19320    
unix  3      [ ]         STREAM     CONNECTED     3012     
unix  3      [ ]         STREAM     CONNECTED     16907    /run/user/1000/menu-cached-:0
unix  3      [ ]         DGRAM                    12988    
unix  3      [ ]         STREAM     CONNECTED     24555    
unix  3      [ ]         STREAM     CONNECTED     19317    
unix  2      [ ]         DGRAM                    16803    
unix  3      [ ]         STREAM     CONNECTED     20307    
unix  3      [ ]         STREAM     CONNECTED     13064    
unix  3      [ ]         STREAM     CONNECTED     14231    /run/systemd/journal/stdout
unix  3      [ ]         STREAM     CONNECTED     24285    
unix  3      [ ]         STREAM     CONNECTED     19329    
unix  3      [ ]         STREAM     CONNECTED     252781   @/tmp/.X11-unix/X0
unix  3      [ ]         STREAM     CONNECTED     13208    
unix  3      [ ]         STREAM     CONNECTED     235086   
unix  3      [ ]         STREAM     CONNECTED     16708    
unix  3      [ ]         STREAM     CONNECTED     16064    
unix  3      [ ]         STREAM     CONNECTED     38955    
unix  3      [ ]         STREAM     CONNECTED     19114    
unix  3      [ ]         STREAM     CONNECTED     17680    /run/user/1000/bus
unix  3      [ ]         STREAM     CONNECTED     209111   
unix  3      [ ]         STREAM     CONNECTED     19328    
unix  3      [ ]         STREAM     CONNECTED     540108   
unix  3      [ ]         DGRAM                    12989    
unix  3      [ ]         STREAM     CONNECTED     16790    @/tmp/.X11-unix/X0
unix  3      [ ]         STREAM     CONNECTED     239996   /run/user/1000/bus
unix  3      [ ]         STREAM     CONNECTED     15799    /tmp/sddm-authddb869fa-fc20-4739-a4c2-11b4d13ed769
unix  3      [ ]         STREAM     CONNECTED     15390    /run/dbus/system_bus_socket
unix  3      [ ]         STREAM     CONNECTED     19315    
unix  3      [ ]         STREAM     CONNECTED     20102    
unix  3      [ ]         STREAM     CONNECTED     17665    @/tmp/dbus-8ULHpEwdt9
unix  3      [ ]         STREAM     CONNECTED     15173    
unix  3      [ ]         STREAM     CONNECTED     16070    
unix  3      [ ]         STREAM     CONNECTED     14821    
unix  3      [ ]         STREAM     CONNECTED     14225    
unix  3      [ ]         STREAM     CONNECTED     24556    
unix  3      [ ]         STREAM     CONNECTED     16777    
unix  3      [ ]         STREAM     CONNECTED     30084    
unix  3      [ ]         STREAM     CONNECTED     26489    
unix  3      [ ]         STREAM     CONNECTED     14233    /run/systemd/journal/stdout
unix  3      [ ]         STREAM     CONNECTED     27623    
unix  3      [ ]         STREAM     CONNECTED     20077    @/tmp/.X11-unix/X0
unix  3      [ ]         SEQPACKET  CONNECTED     38292    
unix  3      [ ]         STREAM     CONNECTED     16801    
unix  3      [ ]         STREAM     CONNECTED     20314    
unix  3      [ ]         STREAM     CONNECTED     241199   
unix  3      [ ]         STREAM     CONNECTED     209110   
unix  3      [ ]         STREAM     CONNECTED     13068    /run/dbus/system_bus_socket
unix  3      [ ]         STREAM     CONNECTED     38956    
unix  3      [ ]         STREAM     CONNECTED     16789    
unix  3      [ ]         STREAM     CONNECTED     253662   
unix  3      [ ]         DGRAM                    12987    
unix  3      [ ]         STREAM     CONNECTED     24280    
unix  3      [ ]         STREAM     CONNECTED     19326    
unix  3      [ ]         STREAM     CONNECTED     15990    /run/dbus/system_bus_socket
unix  3      [ ]         STREAM     CONNECTED     27622    
unix  3      [ ]         STREAM     CONNECTED     13065    
unix  3      [ ]         STREAM     CONNECTED     21791    /run/user/1000/bus
unix  3      [ ]         STREAM     CONNECTED     16069    
unix  3      [ ]         STREAM     CONNECTED     30085    
unix  3      [ ]         STREAM     CONNECTED     16796    
unix  3      [ ]         SEQPACKET  CONNECTED     38291    
unix  3      [ ]         STREAM     CONNECTED     16071    
unix  3      [ ]         STREAM     CONNECTED     540109   
unix  3      [ ]         STREAM     CONNECTED     236017   
unix  3      [ ]         STREAM     CONNECTED     13176    
unix  3      [ ]         STREAM     CONNECTED     28724    
unix  3      [ ]         STREAM     CONNECTED     24286    
unix  3      [ ]         STREAM     CONNECTED     13157    
unix  3      [ ]         STREAM     CONNECTED     191374   
unix  3      [ ]         SEQPACKET  CONNECTED     19310    
unix  3      [ ]         SEQPACKET  CONNECTED     21334    
unix  3      [ ]         STREAM     CONNECTED     15999    @/tmp/.X11-unix/X0
unix  2      [ ]         DGRAM                    15992    
unix  3      [ ]         STREAM     CONNECTED     15174    /run/user/1000/bus
unix  3      [ ]         STREAM     CONNECTED     21847    /run/user/1000/bus
unix  3      [ ]         STREAM     CONNECTED     15087    @/tmp/dbus-8ULHpEwdt9
unix  3      [ ]         STREAM     CONNECTED     15291    /run/systemd/journal/stdout
unix  3      [ ]         SEQPACKET  CONNECTED     22226    
unix  3      [ ]         STREAM     CONNECTED     15133    /run/user/1000/bus
unix  3      [ ]         STREAM     CONNECTED     17573    
unix  3      [ ]         STREAM     CONNECTED     21103    
unix  3      [ ]         STREAM     CONNECTED     15134    
unix  3      [ ]         STREAM     CONNECTED     16008    @/tmp/.X11-unix/X0
unix  3      [ ]         STREAM     CONNECTED     236960   
unix  3      [ ]         STREAM     CONNECTED     15247    @/dbus-vfs-daemon/socket-i034cX9M
unix  3      [ ]         STREAM     CONNECTED     22199    
unix  3      [ ]         STREAM     CONNECTED     37025    
unix  3      [ ]         STREAM     CONNECTED     26413    
unix  3      [ ]         STREAM     CONNECTED     21853    /run/dbus/system_bus_socket
unix  3      [ ]         STREAM     CONNECTED     17691    
unix  3      [ ]         STREAM     CONNECTED     21607    
unix  3      [ ]         STREAM     CONNECTED     21107    
unix  3      [ ]         STREAM     CONNECTED     295063   
unix  3      [ ]         DGRAM                    16030    
unix  2      [ ]         DGRAM                    14780    
unix  3      [ ]         STREAM     CONNECTED     239054   /run/dbus/system_bus_socket
unix  3      [ ]         STREAM     CONNECTED     22896    @/tmp/dbus-8ULHpEwdt9
unix  3      [ ]         STREAM     CONNECTED     21105    
unix  3      [ ]         STREAM     CONNECTED     15122    /run/user/1000/bus
unix  3      [ ]         STREAM     CONNECTED     15396    
unix  3      [ ]         STREAM     CONNECTED     14698    
unix  2      [ ]         DGRAM                    2315     
unix  3      [ ]         STREAM     CONNECTED     236961   
unix  3      [ ]         STREAM     CONNECTED     15266    
unix  3      [ ]         STREAM     CONNECTED     17683    @/tmp/.X11-unix/X0
unix  3      [ ]         STREAM     CONNECTED     17574    
unix  3      [ ]         STREAM     CONNECTED     21100    @/tmp/.X11-unix/X0
unix  3      [ ]         STREAM     CONNECTED     15126    
unix  3      [ ]         STREAM     CONNECTED     16919    /run/systemd/journal/stdout
unix  3      [ ]         STREAM     CONNECTED     28069    
unix  3      [ ]         STREAM     CONNECTED     15253    
unix  3      [ ]         STREAM     CONNECTED     15177    /run/user/1000/bus
unix  3      [ ]         STREAM     CONNECTED     662734   @/tmp/.X11-unix/X0
unix  3      [ ]         STREAM     CONNECTED     17684    /run/systemd/journal/stdout
unix  3      [ ]         STREAM     CONNECTED     21888    
unix  3      [ ]         STREAM     CONNECTED     17647    
unix  3      [ ]         STREAM     CONNECTED     663365   
unix  3      [ ]         STREAM     CONNECTED     21104    
unix  3      [ ]         STREAM     CONNECTED     15121    
unix  3      [ ]         STREAM     CONNECTED     15959    
unix  3      [ ]         STREAM     CONNECTED     295064   
unix  3      [ ]         STREAM     CONNECTED     15176    
unix  3      [ ]         DGRAM                    15885    
unix  2      [ ]         DGRAM                    15389    
unix  3      [ ]         DGRAM                    2268     
unix  3      [ ]         STREAM     CONNECTED     241216   @/dbus-vfs-daemon/socket-8qmr1goI
unix  3      [ ]         STREAM     CONNECTED     15254    /run/user/1000/menu-cached-:0
unix  3      [ ]         STREAM     CONNECTED     17664    
unix  3      [ ]         STREAM     CONNECTED     666072   @/tmp/.X11-unix/X0
unix  3      [ ]         STREAM     CONNECTED     15982    
unix  3      [ ]         STREAM     CONNECTED     15086    
unix  3      [ ]         STREAM     CONNECTED     17668    
unix  3      [ ]         STREAM     CONNECTED     21336    @/tmp/.X11-unix/X0
unix  3      [ ]         STREAM     CONNECTED     21111    
unix  3      [ ]         STREAM     CONNECTED     21096    
unix  3      [ ]         STREAM     CONNECTED     16024    
unix  3      [ ]         STREAM     CONNECTED     16799    @/tmp/dbus-8ULHpEwdt9
unix  3      [ ]         STREAM     CONNECTED     15864    
unix  2      [ ]         DGRAM                    15428    
unix  3      [ ]         STREAM     CONNECTED     17766    
unix  3      [ ]         STREAM     CONNECTED     17757    /run/dbus/system_bus_socket
unix  2      [ ]         DGRAM                    15271    
unix  3      [ ]         STREAM     CONNECTED     21907    
unix  3      [ ]         STREAM     CONNECTED     26424    
unix  3      [ ]         STREAM     CONNECTED     15125    /run/user/1000/bus
unix  3      [ ]         STREAM     CONNECTED     15224    
unix  3      [ ]         STREAM     CONNECTED     15398    
unix  3      [ ]         STREAM     CONNECTED     17105    @/tmp/dbus-8ULHpEwdt9
unix  3      [ ]         STREAM     CONNECTED     15248    /run/user/1000/bus
unix  3      [ ]         STREAM     CONNECTED     20091    /run/systemd/journal/stdout
unix  3      [ ]         STREAM     CONNECTED     15118    
unix  3      [ ]         STREAM     CONNECTED     17588    @/tmp/dbus-8ULHpEwdt9
unix  2      [ ]         DGRAM                    16416    
unix  3      [ ]         STREAM     CONNECTED     15223    
unix  3      [ ]         STREAM     CONNECTED     15397    
unix  3      [ ]         STREAM     CONNECTED     195896   
unix  3      [ ]         STREAM     CONNECTED     37021    
unix  2      [ ]         DGRAM                    17110    
unix  3      [ ]         STREAM     CONNECTED     21894    
unix  3      [ ]         STREAM     CONNECTED     16702    /run/dbus/system_bus_socket
unix  3      [ ]         STREAM     CONNECTED     2340     /run/systemd/journal/stdout
unix  3      [ ]         STREAM     CONNECTED     20092    /run/systemd/journal/stdout
unix  3      [ ]         STREAM     CONNECTED     15178    
unix  3      [ ]         STREAM     CONNECTED     239990   
unix  3      [ ]         STREAM     CONNECTED     17755    
unix  3      [ ]         STREAM     CONNECTED     15124    
unix  2      [ ]         DGRAM                    15866    
unix  3      [ ]         STREAM     CONNECTED     17679    
unix  3      [ ]         STREAM     CONNECTED     238514   
unix  3      [ ]         STREAM     CONNECTED     21889    
unix  3      [ ]         STREAM     CONNECTED     26423    
unix  3      [ ]         STREAM     CONNECTED     21099    
unix  3      [ ]         STREAM     CONNECTED     17655    @/tmp/.X11-unix/X0
unix  3      [ ]         STREAM     CONNECTED     15128    
unix  3      [ ]         DGRAM                    15886    
unix  3      [ ]         STREAM     CONNECTED     15393    
unix  3      [ ]         STREAM     CONNECTED     16930    
unix  3      [ ]         STREAM     CONNECTED     17663    
unix  3      [ ]         STREAM     CONNECTED     19115    /run/user/1000/bus
unix  3      [ ]         STREAM     CONNECTED     17562    
unix  3      [ ]         STREAM     CONNECTED     21095    
unix  3      [ ]         STREAM     CONNECTED     16794    @/tmp/.X11-unix/X0
unix  3      [ ]         STREAM     CONNECTED     16041    /run/user/1000/bus
unix  3      [ ]         STREAM     CONNECTED     15395    
unix  3      [ ]         DGRAM                    11420    
unix  3      [ ]         STREAM     CONNECTED     15346    /run/user/1000/bus
unix  2      [ ]         DGRAM                    15337    
unix  3      [ ]         STREAM     CONNECTED     16991    
unix  3      [ ]         STREAM     CONNECTED     40108    
unix  3      [ ]         STREAM     CONNECTED     17653    @/tmp/.X11-unix/X0
unix  3      [ ]         STREAM     CONNECTED     11414    
unix  3      [ ]         SEQPACKET  CONNECTED     21362    
unix  3      [ ]         STREAM     CONNECTED     15084    
unix  3      [ ]         STREAM     CONNECTED     15188    
unix  3      [ ]         STREAM     CONNECTED     28070    
unix  2      [ ]         DGRAM                    297594   
unix  3      [ ]         STREAM     CONNECTED     21849    
unix  3      [ ]         STREAM     CONNECTED     15962    /run/user/1000/bus
unix  3      [ ]         STREAM     CONNECTED     15127    
unix  2      [ ]         DGRAM                    15418    
unix  3      [ ]         STREAM     CONNECTED     12974    /run/systemd/journal/stdout
unix  3      [ ]         DGRAM                    2269     
unix  3      [ ]         STREAM     CONNECTED     17106    
unix  3      [ ]         STREAM     CONNECTED     16931    /run/dbus/system_bus_socket
unix  3      [ ]         STREAM     CONNECTED     17675    
unix  3      [ ]         STREAM     CONNECTED     21080    /run/systemd/journal/stdout
unix  3      [ ]         STREAM     CONNECTED     15981    /run/user/1000/bus
unix  3      [ ]         STREAM     CONNECTED     16915    /run/systemd/journal/stdout
unix  3      [ ]         STREAM     CONNECTED     16715    @/tmp/.X11-unix/X0
unix  3      [ ]         DGRAM                    11421    
unix  3      [ ]         STREAM     CONNECTED     194286   @/tmp/.X11-unix/X0
unix  3      [ ]         STREAM     CONNECTED     37022    
unix  3      [ ]         STREAM     CONNECTED     17761    
unix  3      [ ]         STREAM     CONNECTED     17644    @/tmp/.X11-unix/X0
unix  2      [ ]         DGRAM                    627346   
unix  3      [ ]         STREAM     CONNECTED     16083    /run/dbus/system_bus_socket
unix  3      [ ]         STREAM     CONNECTED     40039    
unix  3      [ ]         STREAM     CONNECTED     21827    
unix  3      [ ]         STREAM     CONNECTED     15976    @/tmp/dbus-8ULHpEwdt9
unix  3      [ ]         STREAM     CONNECTED     21848    @/tmp/.X11-unix/X0
unix  3      [ ]         STREAM     CONNECTED     15136    
unix  3      [ ]         STREAM     CONNECTED     15335    
unix  3      [ ]         STREAM     CONNECTED     17667    
unix  3      [ ]         STREAM     CONNECTED     21906    
unix  3      [ ]         STREAM     CONNECTED     15135    /run/user/1000/bus
unix  3      [ ]         STREAM     CONNECTED     17113    
unix  3      [ ]         STREAM     CONNECTED     17676    
unix  3      [ ]         SEQPACKET  CONNECTED     21788    
unix  3      [ ]         STREAM     CONNECTED     17643    
unix  3      [ ]         STREAM     CONNECTED     20105    /run/user/1000/pulse/native
unix  3      [ ]         STREAM     CONNECTED     20100    /run/user/1000/bus
unix  3      [ ]         STREAM     CONNECTED     15110    
unix  3      [ ]         STREAM     CONNECTED     15960    
unix  3      [ ]         STREAM     CONNECTED     15392    
unix  3      [ ]         STREAM     CONNECTED     16067    /run/user/1000/bus
unix  3      [ ]         STREAM     CONNECTED     26414    
unix  3      [ ]         STREAM     CONNECTED     21091    
unix  3      [ ]         STREAM     CONNECTED     17650    @/tmp/.X11-unix/X0
unix  3      [ ]         STREAM     CONNECTED     15082    /run/systemd/journal/stdout
unix  2      [ ]         DGRAM                    15868    
unix  3      [ ]         STREAM     CONNECTED     15391    
unix  3      [ ]         STREAM     CONNECTED     239997   
unix  3      [ ]         STREAM     CONNECTED     15344    /run/dbus/system_bus_socket
unix  2      [ ]         DGRAM                    107135   
unix  3      [ ]         STREAM     CONNECTED     17561    
unix  3      [ ]         STREAM     CONNECTED     26295    
unix  3      [ ]         STREAM     CONNECTED     20086    @/tmp/dbus-MBRYKfpHxy
unix  3      [ ]         STREAM     CONNECTED     16800    @/tmp/dbus-8ULHpEwdt9
unix  3      [ ]         STREAM     CONNECTED     16007    
unix  2      [ ]         DGRAM                    15800    
unix  2      [ ]         DGRAM                    10525    
unix  3      [ ]         STREAM     CONNECTED     17760    
unix  3      [ ]         STREAM     CONNECTED     17741    /run/dbus/system_bus_socket
unix  3      [ ]         SEQPACKET  CONNECTED     22227    
unix  3      [ ]         STREAM     CONNECTED     17648    
unix  3      [ ]         STREAM     CONNECTED     37026    
unix  3      [ ]         SEQPACKET  CONNECTED     21333    
unix  2      [ ]         DGRAM                    10523    
unix  3      [ ]         STREAM     CONNECTED     15251    /run/user/1000/bus
unix  3      [ ]         STREAM     CONNECTED     16929    
unix  3      [ ]         STREAM     CONNECTED     21850    
unix  2      [ ]         DGRAM                    2785     
unix  3      [ ]         STREAM     CONNECTED     663366   
unix  3      [ ]         STREAM     CONNECTED     15123    
unix  3      [ ]         STREAM     CONNECTED     15975    
unix  3      [ ]         STREAM     CONNECTED     664683   
unix  3      [ ]         STREAM     CONNECTED     17052    
unix  3      [ ]         STREAM     CONNECTED     38757    @/tmp/.X11-unix/X0
unix  2      [ ]         DGRAM                    2778     
unix  3      [ ]         STREAM     CONNECTED     26296    
unix  3      [ ]         STREAM     CONNECTED     238504   /run/user/1000/bus
unix  3      [ ]         STREAM     CONNECTED     17754    
unix  3      [ ]         STREAM     CONNECTED     17102    @/tmp/.X11-unix/X0
unix  3      [ ]         SEQPACKET  CONNECTED     21363    
unix  3      [ ]         STREAM     CONNECTED     21101    
unix  3      [ ]         STREAM     CONNECTED     15085    
unix  3      [ ]         STREAM     CONNECTED     15954    
unix  2      [ ]         DGRAM                    13828    
unix  3      [ ]         STREAM     CONNECTED     15175    @/tmp/dbus-8ULHpEwdt9
unix  3      [ ]         SEQPACKET  CONNECTED     21787    
unix  3      [ ]         STREAM     CONNECTED     666070   @/tmp/.X11-unix/X0
unix  3      [ ]         STREAM     CONNECTED     21102    
unix  3      [ ]         STREAM     CONNECTED     15132    
unix  3      [ ]         STREAM     CONNECTED     15974    
unix  3      [ ]         STREAM     CONNECTED     17510    /run/systemd/journal/stdout
unix  3      [ ]         STREAM     CONNECTED     15394    
unix  3      [ ]         STREAM     CONNECTED     15294    
unix  3      [ ]         STREAM     CONNECTED     39619    @/tmp/.X11-unix/X0
unix  3      [ ]         STREAM     CONNECTED     16802    @/tmp/dbus-8ULHpEwdt9
unix  3      [ ]         STREAM     CONNECTED     15998    
unix  3      [ ]         STREAM     CONNECTED     16042    /run/user/1000/bus
unix  3      [ ]         STREAM     CONNECTED     17104    /run/user/1000/bus
unix  2      [ ]         DGRAM                    17057    
